Performing C++ SOURCE FILE Test CMAKE_HAVE_LIBC_PTHREAD failed with the following output:
Change Dir: /home/metamorph/00_data/100__programming/10_cpp/001_BasicStructure/006_template_2_gtest_Extendable/build/CMakeFiles/CMakeTmp

Run Build Command(s):/usr/bin/make -f Makefile cmTC_86b32/fast && /usr/bin/make  -f CMakeFiles/cmTC_86b32.dir/build.make CMakeFiles/cmTC_86b32.dir/build
make[1]: Entering directory '/home/metamorph/00_data/100__programming/10_cpp/001_BasicStructure/006_template_2_gtest_Extendable/build/CMakeFiles/CMakeTmp'
Building CXX object CMakeFiles/cmTC_86b32.dir/src.cxx.o
/usr/bin/c++ -DCMAKE_HAVE_LIBC_PTHREAD  -std=gnu++17 -o CMakeFiles/cmTC_86b32.dir/src.cxx.o -c /home/metamorph/00_data/100__programming/10_cpp/001_BasicStructure/006_template_2_gtest_Extendable/build/CMakeFiles/CMakeTmp/src.cxx
Linking CXX executable cmTC_86b32
/snap/cmake/936/bin/cmake -E cmake_link_script CMakeFiles/cmTC_86b32.dir/link.txt --verbose=1
/usr/bin/c++ CMakeFiles/cmTC_86b32.dir/src.cxx.o -o cmTC_86b32 
/usr/bin/ld: CMakeFiles/cmTC_86b32.dir/src.cxx.o: in function `main':
src.cxx:(.text+0x46): undefined reference to `pthread_create'
/usr/bin/ld: src.cxx:(.text+0x52): undefined reference to `pthread_detach'
/usr/bin/ld: src.cxx:(.text+0x5e): undefined reference to `pthread_cancel'
/usr/bin/ld: src.cxx:(.text+0x6f): undefined reference to `pthread_join'
collect2: error: ld returned 1 exit status
make[1]: *** [CMakeFiles/cmTC_86b32.dir/build.make:99: cmTC_86b32] Error 1
make[1]: Leaving directory '/home/metamorph/00_data/100__programming/10_cpp/001_BasicStructure/006_template_2_gtest_Extendable/build/CMakeFiles/CMakeTmp'
make: *** [Makefile:127: cmTC_86b32/fast] Error 2


Source file was:
#include <pthread.h>

static void* test_func(void* data)
{
  return data;
}

int main(void)
{
  pthread_t thread;
  pthread_create(&thread, NULL, test_func, NULL);
  pthread_detach(thread);
  pthread_cancel(thread);
  pthread_join(thread, NULL);
  pthread_atfork(NULL, NULL, NULL);
  pthread_exit(NULL);

  return 0;
}

Determining if the function pthread_create exists in the pthreads failed with the following output:
Change Dir: /home/metamorph/00_data/100__programming/10_cpp/001_BasicStructure/006_template_2_gtest_Extendable/build/CMakeFiles/CMakeTmp

Run Build Command(s):/usr/bin/make -f Makefile cmTC_6c1ee/fast && /usr/bin/make  -f CMakeFiles/cmTC_6c1ee.dir/build.make CMakeFiles/cmTC_6c1ee.dir/build
make[1]: Entering directory '/home/metamorph/00_data/100__programming/10_cpp/001_BasicStructure/006_template_2_gtest_Extendable/build/CMakeFiles/CMakeTmp'
Building CXX object CMakeFiles/cmTC_6c1ee.dir/CheckFunctionExists.cxx.o
/usr/bin/c++   -DCHECK_FUNCTION_EXISTS=pthread_create -std=gnu++17 -o CMakeFiles/cmTC_6c1ee.dir/CheckFunctionExists.cxx.o -c /home/metamorph/00_data/100__programming/10_cpp/001_BasicStructure/006_template_2_gtest_Extendable/build/CMakeFiles/CheckLibraryExists/CheckFunctionExists.cxx
Linking CXX executable cmTC_6c1ee
/snap/cmake/936/bin/cmake -E cmake_link_script CMakeFiles/cmTC_6c1ee.dir/link.txt --verbose=1
/usr/bin/c++  -DCHECK_FUNCTION_EXISTS=pthread_create CMakeFiles/cmTC_6c1ee.dir/CheckFunctionExists.cxx.o -o cmTC_6c1ee  -lpthreads 
/usr/bin/ld: cannot find -lpthreads
collect2: error: ld returned 1 exit status
make[1]: *** [CMakeFiles/cmTC_6c1ee.dir/build.make:99: cmTC_6c1ee] Error 1
make[1]: Leaving directory '/home/metamorph/00_data/100__programming/10_cpp/001_BasicStructure/006_template_2_gtest_Extendable/build/CMakeFiles/CMakeTmp'
make: *** [Makefile:127: cmTC_6c1ee/fast] Error 2



